CRITICAL - 2025-05-29 23:16:07 --> CodeIgniter\View\Exceptions\ViewException: Invalid file: "partials/product_bread.php"
[Method: GET, Route: product]
in SYSTEMPATH\Exceptions\FrameworkException.php on line 39.
 1 SYSTEMPATH\View\View.php(212): CodeIgniter\Exceptions\FrameworkException::forInvalidFile('partials/product_bread.php')
 2 SYSTEMPATH\Common.php(1173): CodeIgniter\View\View->render('partials/product_bread', [], true)
 3 APPPATH\Views\pages\product.php(12): view('partials/product_bread')
 4 SYSTEMPATH\View\View.php(224): include('C:\\xampp\\htdocs\\rumah-roti\\app\\Views\\pages\\product.php')
 5 SYSTEMPATH\View\View.php(227): CodeIgniter\View\View->CodeIgniter\View\{closure}()
 6 SYSTEMPATH\Common.php(1173): CodeIgniter\View\View->render('pages/product', [], true)
 7 APPPATH\Controllers\Product.php(9): view('pages/product')
 8 SYSTEMPATH\CodeIgniter.php(933): App\Controllers\Product->index()
 9 SYSTEMPATH\CodeIgniter.php(507): CodeIgniter\CodeIgniter->runController(Object(App\Controllers\Product))
10 SYSTEMPATH\CodeIgniter.php(354): CodeIgniter\CodeIgniter->handleRequest(null, Object(Config\Cache), false)
11 SYSTEMPATH\Boot.php(334): CodeIgniter\CodeIgniter->run()
12 SYSTEMPATH\Boot.php(67): CodeIgniter\Boot::runCodeIgniter(Object(CodeIgniter\CodeIgniter))
13 FCPATH\index.php(56): CodeIgniter\Boot::bootWeb(Object(Config\Paths))
CRITICAL - 2025-05-29 23:16:10 --> CodeIgniter\View\Exceptions\ViewException: Invalid file: "partials/product_bread.php"
[Method: GET, Route: product]
in SYSTEMPATH\Exceptions\FrameworkException.php on line 39.
 1 SYSTEMPATH\View\View.php(212): CodeIgniter\Exceptions\FrameworkException::forInvalidFile('partials/product_bread.php')
 2 SYSTEMPATH\Common.php(1173): CodeIgniter\View\View->render('partials/product_bread', [], true)
 3 APPPATH\Views\pages\product.php(12): view('partials/product_bread')
 4 SYSTEMPATH\View\View.php(224): include('C:\\xampp\\htdocs\\rumah-roti\\app\\Views\\pages\\product.php')
 5 SYSTEMPATH\View\View.php(227): CodeIgniter\View\View->CodeIgniter\View\{closure}()
 6 SYSTEMPATH\Common.php(1173): CodeIgniter\View\View->render('pages/product', [], true)
 7 APPPATH\Controllers\Product.php(9): view('pages/product')
 8 SYSTEMPATH\CodeIgniter.php(933): App\Controllers\Product->index()
 9 SYSTEMPATH\CodeIgniter.php(507): CodeIgniter\CodeIgniter->runController(Object(App\Controllers\Product))
10 SYSTEMPATH\CodeIgniter.php(354): CodeIgniter\CodeIgniter->handleRequest(null, Object(Config\Cache), false)
11 SYSTEMPATH\Boot.php(334): CodeIgniter\CodeIgniter->run()
12 SYSTEMPATH\Boot.php(67): CodeIgniter\Boot::runCodeIgniter(Object(CodeIgniter\CodeIgniter))
13 FCPATH\index.php(56): CodeIgniter\Boot::bootWeb(Object(Config\Paths))
CRITICAL - 2025-05-29 23:17:11 --> CodeIgniter\View\Exceptions\ViewException: Invalid file: "p_danish.php"
[Method: GET, Route: product]
in SYSTEMPATH\Exceptions\FrameworkException.php on line 39.
 1 SYSTEMPATH\View\View.php(212): CodeIgniter\Exceptions\FrameworkException::forInvalidFile('p_danish.php')
 2 SYSTEMPATH\Common.php(1173): CodeIgniter\View\View->render('p_danish', [], true)
 3 APPPATH\Views\partials\button_product_bread.php(7): view('p_danish')
 4 SYSTEMPATH\View\View.php(224): include('C:\\xampp\\htdocs\\rumah-roti\\app\\Views\\partials\\button_product_bread.php')
 5 SYSTEMPATH\View\View.php(227): CodeIgniter\View\View->CodeIgniter\View\{closure}()
 6 SYSTEMPATH\Common.php(1173): CodeIgniter\View\View->render('partials/button_product_bread', [], true)
 7 APPPATH\Views\partials\p_bread.php(11): view('partials/button_product_bread')
 8 SYSTEMPATH\View\View.php(224): include('C:\\xampp\\htdocs\\rumah-roti\\app\\Views\\partials\\p_bread.php')
 9 SYSTEMPATH\View\View.php(227): CodeIgniter\View\View->CodeIgniter\View\{closure}()
10 SYSTEMPATH\Common.php(1173): CodeIgniter\View\View->render('partials/p_bread', [], true)
11 APPPATH\Views\pages\product.php(12): view('partials/p_bread')
12 SYSTEMPATH\View\View.php(224): include('C:\\xampp\\htdocs\\rumah-roti\\app\\Views\\pages\\product.php')
13 SYSTEMPATH\View\View.php(227): CodeIgniter\View\View->CodeIgniter\View\{closure}()
14 SYSTEMPATH\Common.php(1173): CodeIgniter\View\View->render('pages/product', [], true)
15 APPPATH\Controllers\Product.php(9): view('pages/product')
16 SYSTEMPATH\CodeIgniter.php(933): App\Controllers\Product->index()
17 SYSTEMPATH\CodeIgniter.php(507): CodeIgniter\CodeIgniter->runController(Object(App\Controllers\Product))
18 SYSTEMPATH\CodeIgniter.php(354): CodeIgniter\CodeIgniter->handleRequest(null, Object(Config\Cache), false)
19 SYSTEMPATH\Boot.php(334): CodeIgniter\CodeIgniter->run()
20 SYSTEMPATH\Boot.php(67): CodeIgniter\Boot::runCodeIgniter(Object(CodeIgniter\CodeIgniter))
21 FCPATH\index.php(56): CodeIgniter\Boot::bootWeb(Object(Config\Paths))
CRITICAL - 2025-05-29 23:29:14 --> ErrorException: Maximum execution time of 120 seconds exceeded
[Method: GET, Route: p_danish]
in SYSTEMPATH\View\View.php on line 289.
 1 [internal function]: CodeIgniter\Debug\Exceptions->shutdownHandler()
CRITICAL - 2025-05-29 23:52:08 --> CodeIgniter\View\Exceptions\ViewException: Invalid file: "partials/button_product_danish.php"
[Method: GET, Route: p_cake]
in SYSTEMPATH\Exceptions\FrameworkException.php on line 39.
 1 SYSTEMPATH\View\View.php(212): CodeIgniter\Exceptions\FrameworkException::forInvalidFile('partials/button_product_danish.php')
 2 SYSTEMPATH\Common.php(1173): CodeIgniter\View\View->render('partials/button_product_danish', [], true)
 3 APPPATH\Views\partials\p_dcake.php(12): view('partials/button_product_danish')
 4 SYSTEMPATH\View\View.php(224): include('C:\\xampp\\htdocs\\rumah-roti\\app\\Views\\partials\\p_dcake.php')
 5 SYSTEMPATH\View\View.php(227): CodeIgniter\View\View->CodeIgniter\View\{closure}()
 6 SYSTEMPATH\Common.php(1173): CodeIgniter\View\View->render('partials/p_dcake', [], true)
 7 APPPATH\Controllers\Product.php(17): view('partials/p_dcake')
 8 SYSTEMPATH\CodeIgniter.php(933): App\Controllers\Product->cake()
 9 SYSTEMPATH\CodeIgniter.php(507): CodeIgniter\CodeIgniter->runController(Object(App\Controllers\Product))
10 SYSTEMPATH\CodeIgniter.php(354): CodeIgniter\CodeIgniter->handleRequest(null, Object(Config\Cache), false)
11 SYSTEMPATH\Boot.php(334): CodeIgniter\CodeIgniter->run()
12 SYSTEMPATH\Boot.php(67): CodeIgniter\Boot::runCodeIgniter(Object(CodeIgniter\CodeIgniter))
13 FCPATH\index.php(56): CodeIgniter\Boot::bootWeb(Object(Config\Paths))
CRITICAL - 2025-05-29 23:54:53 --> CodeIgniter\View\Exceptions\ViewException: Invalid file: "partials/cp_dcake.php"
[Method: GET, Route: p_cake]
in SYSTEMPATH\Exceptions\FrameworkException.php on line 39.
 1 SYSTEMPATH\View\View.php(212): CodeIgniter\Exceptions\FrameworkException::forInvalidFile('partials/cp_dcake.php')
 2 SYSTEMPATH\Common.php(1173): CodeIgniter\View\View->render('partials/cp_dcake', [], true)
 3 APPPATH\Views\partials\p_dcake.php(13): view('partials/cp_dcake')
 4 SYSTEMPATH\View\View.php(224): include('C:\\xampp\\htdocs\\rumah-roti\\app\\Views\\partials\\p_dcake.php')
 5 SYSTEMPATH\View\View.php(227): CodeIgniter\View\View->CodeIgniter\View\{closure}()
 6 SYSTEMPATH\Common.php(1173): CodeIgniter\View\View->render('partials/p_dcake', [], true)
 7 APPPATH\Controllers\Product.php(17): view('partials/p_dcake')
 8 SYSTEMPATH\CodeIgniter.php(933): App\Controllers\Product->cake()
 9 SYSTEMPATH\CodeIgniter.php(507): CodeIgniter\CodeIgniter->runController(Object(App\Controllers\Product))
10 SYSTEMPATH\CodeIgniter.php(354): CodeIgniter\CodeIgniter->handleRequest(null, Object(Config\Cache), false)
11 SYSTEMPATH\Boot.php(334): CodeIgniter\CodeIgniter->run()
12 SYSTEMPATH\Boot.php(67): CodeIgniter\Boot::runCodeIgniter(Object(CodeIgniter\CodeIgniter))
13 FCPATH\index.php(56): CodeIgniter\Boot::bootWeb(Object(Config\Paths))
CRITICAL - 2025-05-29 23:54:56 --> CodeIgniter\View\Exceptions\ViewException: Invalid file: "partials/cp_dcake.php"
[Method: GET, Route: p_cake]
in SYSTEMPATH\Exceptions\FrameworkException.php on line 39.
 1 SYSTEMPATH\View\View.php(212): CodeIgniter\Exceptions\FrameworkException::forInvalidFile('partials/cp_dcake.php')
 2 SYSTEMPATH\Common.php(1173): CodeIgniter\View\View->render('partials/cp_dcake', [], true)
 3 APPPATH\Views\partials\p_dcake.php(13): view('partials/cp_dcake')
 4 SYSTEMPATH\View\View.php(224): include('C:\\xampp\\htdocs\\rumah-roti\\app\\Views\\partials\\p_dcake.php')
 5 SYSTEMPATH\View\View.php(227): CodeIgniter\View\View->CodeIgniter\View\{closure}()
 6 SYSTEMPATH\Common.php(1173): CodeIgniter\View\View->render('partials/p_dcake', [], true)
 7 APPPATH\Controllers\Product.php(17): view('partials/p_dcake')
 8 SYSTEMPATH\CodeIgniter.php(933): App\Controllers\Product->cake()
 9 SYSTEMPATH\CodeIgniter.php(507): CodeIgniter\CodeIgniter->runController(Object(App\Controllers\Product))
10 SYSTEMPATH\CodeIgniter.php(354): CodeIgniter\CodeIgniter->handleRequest(null, Object(Config\Cache), false)
11 SYSTEMPATH\Boot.php(334): CodeIgniter\CodeIgniter->run()
12 SYSTEMPATH\Boot.php(67): CodeIgniter\Boot::runCodeIgniter(Object(CodeIgniter\CodeIgniter))
13 FCPATH\index.php(56): CodeIgniter\Boot::bootWeb(Object(Config\Paths))
CRITICAL - 2025-05-29 23:54:59 --> CodeIgniter\View\Exceptions\ViewException: Invalid file: "partials/cp_dcake.php"
[Method: GET, Route: p_cake]
in SYSTEMPATH\Exceptions\FrameworkException.php on line 39.
 1 SYSTEMPATH\View\View.php(212): CodeIgniter\Exceptions\FrameworkException::forInvalidFile('partials/cp_dcake.php')
 2 SYSTEMPATH\Common.php(1173): CodeIgniter\View\View->render('partials/cp_dcake', [], true)
 3 APPPATH\Views\partials\p_dcake.php(13): view('partials/cp_dcake')
 4 SYSTEMPATH\View\View.php(224): include('C:\\xampp\\htdocs\\rumah-roti\\app\\Views\\partials\\p_dcake.php')
 5 SYSTEMPATH\View\View.php(227): CodeIgniter\View\View->CodeIgniter\View\{closure}()
 6 SYSTEMPATH\Common.php(1173): CodeIgniter\View\View->render('partials/p_dcake', [], true)
 7 APPPATH\Controllers\Product.php(17): view('partials/p_dcake')
 8 SYSTEMPATH\CodeIgniter.php(933): App\Controllers\Product->cake()
 9 SYSTEMPATH\CodeIgniter.php(507): CodeIgniter\CodeIgniter->runController(Object(App\Controllers\Product))
10 SYSTEMPATH\CodeIgniter.php(354): CodeIgniter\CodeIgniter->handleRequest(null, Object(Config\Cache), false)
11 SYSTEMPATH\Boot.php(334): CodeIgniter\CodeIgniter->run()
12 SYSTEMPATH\Boot.php(67): CodeIgniter\Boot::runCodeIgniter(Object(CodeIgniter\CodeIgniter))
13 FCPATH\index.php(56): CodeIgniter\Boot::bootWeb(Object(Config\Paths))
CRITICAL - 2025-05-29 23:55:06 --> CodeIgniter\View\Exceptions\ViewException: Invalid file: "partials/cp_dcake.php"
[Method: GET, Route: p_cake]
in SYSTEMPATH\Exceptions\FrameworkException.php on line 39.
 1 SYSTEMPATH\View\View.php(212): CodeIgniter\Exceptions\FrameworkException::forInvalidFile('partials/cp_dcake.php')
 2 SYSTEMPATH\Common.php(1173): CodeIgniter\View\View->render('partials/cp_dcake', [], true)
 3 APPPATH\Views\partials\p_dcake.php(13): view('partials/cp_dcake')
 4 SYSTEMPATH\View\View.php(224): include('C:\\xampp\\htdocs\\rumah-roti\\app\\Views\\partials\\p_dcake.php')
 5 SYSTEMPATH\View\View.php(227): CodeIgniter\View\View->CodeIgniter\View\{closure}()
 6 SYSTEMPATH\Common.php(1173): CodeIgniter\View\View->render('partials/p_dcake', [], true)
 7 APPPATH\Controllers\Product.php(17): view('partials/p_dcake')
 8 SYSTEMPATH\CodeIgniter.php(933): App\Controllers\Product->cake()
 9 SYSTEMPATH\CodeIgniter.php(507): CodeIgniter\CodeIgniter->runController(Object(App\Controllers\Product))
10 SYSTEMPATH\CodeIgniter.php(354): CodeIgniter\CodeIgniter->handleRequest(null, Object(Config\Cache), false)
11 SYSTEMPATH\Boot.php(334): CodeIgniter\CodeIgniter->run()
12 SYSTEMPATH\Boot.php(67): CodeIgniter\Boot::runCodeIgniter(Object(CodeIgniter\CodeIgniter))
13 FCPATH\index.php(56): CodeIgniter\Boot::bootWeb(Object(Config\Paths))
CRITICAL - 2025-05-29 23:55:16 --> CodeIgniter\View\Exceptions\ViewException: Invalid file: "partials/cp_dcake.php"
[Method: GET, Route: p_cake]
in SYSTEMPATH\Exceptions\FrameworkException.php on line 39.
 1 SYSTEMPATH\View\View.php(212): CodeIgniter\Exceptions\FrameworkException::forInvalidFile('partials/cp_dcake.php')
 2 SYSTEMPATH\Common.php(1173): CodeIgniter\View\View->render('partials/cp_dcake', [], true)
 3 APPPATH\Views\partials\p_dcake.php(13): view('partials/cp_dcake')
 4 SYSTEMPATH\View\View.php(224): include('C:\\xampp\\htdocs\\rumah-roti\\app\\Views\\partials\\p_dcake.php')
 5 SYSTEMPATH\View\View.php(227): CodeIgniter\View\View->CodeIgniter\View\{closure}()
 6 SYSTEMPATH\Common.php(1173): CodeIgniter\View\View->render('partials/p_dcake', [], true)
 7 APPPATH\Controllers\Product.php(17): view('partials/p_dcake')
 8 SYSTEMPATH\CodeIgniter.php(933): App\Controllers\Product->cake()
 9 SYSTEMPATH\CodeIgniter.php(507): CodeIgniter\CodeIgniter->runController(Object(App\Controllers\Product))
10 SYSTEMPATH\CodeIgniter.php(354): CodeIgniter\CodeIgniter->handleRequest(null, Object(Config\Cache), false)
11 SYSTEMPATH\Boot.php(334): CodeIgniter\CodeIgniter->run()
12 SYSTEMPATH\Boot.php(67): CodeIgniter\Boot::runCodeIgniter(Object(CodeIgniter\CodeIgniter))
13 FCPATH\index.php(56): CodeIgniter\Boot::bootWeb(Object(Config\Paths))
CRITICAL - 2025-05-29 23:55:19 --> CodeIgniter\View\Exceptions\ViewException: Invalid file: "partials/cp_toast.php"
[Method: GET, Route: p_toast]
in SYSTEMPATH\Exceptions\FrameworkException.php on line 39.
 1 SYSTEMPATH\View\View.php(212): CodeIgniter\Exceptions\FrameworkException::forInvalidFile('partials/cp_toast.php')
 2 SYSTEMPATH\Common.php(1173): CodeIgniter\View\View->render('partials/cp_toast', [], true)
 3 APPPATH\Views\partials\p_toast.php(13): view('partials/cp_toast')
 4 SYSTEMPATH\View\View.php(224): include('C:\\xampp\\htdocs\\rumah-roti\\app\\Views\\partials\\p_toast.php')
 5 SYSTEMPATH\View\View.php(227): CodeIgniter\View\View->CodeIgniter\View\{closure}()
 6 SYSTEMPATH\Common.php(1173): CodeIgniter\View\View->render('partials/p_toast', [], true)
 7 APPPATH\Controllers\Product.php(21): view('partials/p_toast')
 8 SYSTEMPATH\CodeIgniter.php(933): App\Controllers\Product->toast()
 9 SYSTEMPATH\CodeIgniter.php(507): CodeIgniter\CodeIgniter->runController(Object(App\Controllers\Product))
10 SYSTEMPATH\CodeIgniter.php(354): CodeIgniter\CodeIgniter->handleRequest(null, Object(Config\Cache), false)
11 SYSTEMPATH\Boot.php(334): CodeIgniter\CodeIgniter->run()
12 SYSTEMPATH\Boot.php(67): CodeIgniter\Boot::runCodeIgniter(Object(CodeIgniter\CodeIgniter))
13 FCPATH\index.php(56): CodeIgniter\Boot::bootWeb(Object(Config\Paths))
CRITICAL - 2025-05-29 23:55:21 --> CodeIgniter\View\Exceptions\ViewException: Invalid file: "partials/cp_dcake.php"
[Method: GET, Route: p_dcake]
in SYSTEMPATH\Exceptions\FrameworkException.php on line 39.
 1 SYSTEMPATH\View\View.php(212): CodeIgniter\Exceptions\FrameworkException::forInvalidFile('partials/cp_dcake.php')
 2 SYSTEMPATH\Common.php(1173): CodeIgniter\View\View->render('partials/cp_dcake', [], true)
 3 APPPATH\Views\partials\p_dcake.php(13): view('partials/cp_dcake')
 4 SYSTEMPATH\View\View.php(224): include('C:\\xampp\\htdocs\\rumah-roti\\app\\Views\\partials\\p_dcake.php')
 5 SYSTEMPATH\View\View.php(227): CodeIgniter\View\View->CodeIgniter\View\{closure}()
 6 SYSTEMPATH\Common.php(1173): CodeIgniter\View\View->render('partials/p_dcake', [], true)
 7 APPPATH\Controllers\Product.php(25): view('partials/p_dcake')
 8 SYSTEMPATH\CodeIgniter.php(933): App\Controllers\Product->dcake()
 9 SYSTEMPATH\CodeIgniter.php(507): CodeIgniter\CodeIgniter->runController(Object(App\Controllers\Product))
10 SYSTEMPATH\CodeIgniter.php(354): CodeIgniter\CodeIgniter->handleRequest(null, Object(Config\Cache), false)
11 SYSTEMPATH\Boot.php(334): CodeIgniter\CodeIgniter->run()
12 SYSTEMPATH\Boot.php(67): CodeIgniter\Boot::runCodeIgniter(Object(CodeIgniter\CodeIgniter))
13 FCPATH\index.php(56): CodeIgniter\Boot::bootWeb(Object(Config\Paths))
CRITICAL - 2025-05-29 23:55:22 --> CodeIgniter\View\Exceptions\ViewException: Invalid file: "partials/cp_dcake.php"
[Method: GET, Route: p_cake]
in SYSTEMPATH\Exceptions\FrameworkException.php on line 39.
 1 SYSTEMPATH\View\View.php(212): CodeIgniter\Exceptions\FrameworkException::forInvalidFile('partials/cp_dcake.php')
 2 SYSTEMPATH\Common.php(1173): CodeIgniter\View\View->render('partials/cp_dcake', [], true)
 3 APPPATH\Views\partials\p_dcake.php(13): view('partials/cp_dcake')
 4 SYSTEMPATH\View\View.php(224): include('C:\\xampp\\htdocs\\rumah-roti\\app\\Views\\partials\\p_dcake.php')
 5 SYSTEMPATH\View\View.php(227): CodeIgniter\View\View->CodeIgniter\View\{closure}()
 6 SYSTEMPATH\Common.php(1173): CodeIgniter\View\View->render('partials/p_dcake', [], true)
 7 APPPATH\Controllers\Product.php(17): view('partials/p_dcake')
 8 SYSTEMPATH\CodeIgniter.php(933): App\Controllers\Product->cake()
 9 SYSTEMPATH\CodeIgniter.php(507): CodeIgniter\CodeIgniter->runController(Object(App\Controllers\Product))
10 SYSTEMPATH\CodeIgniter.php(354): CodeIgniter\CodeIgniter->handleRequest(null, Object(Config\Cache), false)
11 SYSTEMPATH\Boot.php(334): CodeIgniter\CodeIgniter->run()
12 SYSTEMPATH\Boot.php(67): CodeIgniter\Boot::runCodeIgniter(Object(CodeIgniter\CodeIgniter))
13 FCPATH\index.php(56): CodeIgniter\Boot::bootWeb(Object(Config\Paths))
CRITICAL - 2025-05-29 23:55:24 --> CodeIgniter\View\Exceptions\ViewException: Invalid file: "partials/cp_dcake.php"
[Method: GET, Route: p_cake]
in SYSTEMPATH\Exceptions\FrameworkException.php on line 39.
 1 SYSTEMPATH\View\View.php(212): CodeIgniter\Exceptions\FrameworkException::forInvalidFile('partials/cp_dcake.php')
 2 SYSTEMPATH\Common.php(1173): CodeIgniter\View\View->render('partials/cp_dcake', [], true)
 3 APPPATH\Views\partials\p_dcake.php(13): view('partials/cp_dcake')
 4 SYSTEMPATH\View\View.php(224): include('C:\\xampp\\htdocs\\rumah-roti\\app\\Views\\partials\\p_dcake.php')
 5 SYSTEMPATH\View\View.php(227): CodeIgniter\View\View->CodeIgniter\View\{closure}()
 6 SYSTEMPATH\Common.php(1173): CodeIgniter\View\View->render('partials/p_dcake', [], true)
 7 APPPATH\Controllers\Product.php(17): view('partials/p_dcake')
 8 SYSTEMPATH\CodeIgniter.php(933): App\Controllers\Product->cake()
 9 SYSTEMPATH\CodeIgniter.php(507): CodeIgniter\CodeIgniter->runController(Object(App\Controllers\Product))
10 SYSTEMPATH\CodeIgniter.php(354): CodeIgniter\CodeIgniter->handleRequest(null, Object(Config\Cache), false)
11 SYSTEMPATH\Boot.php(334): CodeIgniter\CodeIgniter->run()
12 SYSTEMPATH\Boot.php(67): CodeIgniter\Boot::runCodeIgniter(Object(CodeIgniter\CodeIgniter))
13 FCPATH\index.php(56): CodeIgniter\Boot::bootWeb(Object(Config\Paths))
CRITICAL - 2025-05-29 23:55:25 --> CodeIgniter\View\Exceptions\ViewException: Invalid file: "partials/cp_dcake.php"
[Method: GET, Route: p_dcake]
in SYSTEMPATH\Exceptions\FrameworkException.php on line 39.
 1 SYSTEMPATH\View\View.php(212): CodeIgniter\Exceptions\FrameworkException::forInvalidFile('partials/cp_dcake.php')
 2 SYSTEMPATH\Common.php(1173): CodeIgniter\View\View->render('partials/cp_dcake', [], true)
 3 APPPATH\Views\partials\p_dcake.php(13): view('partials/cp_dcake')
 4 SYSTEMPATH\View\View.php(224): include('C:\\xampp\\htdocs\\rumah-roti\\app\\Views\\partials\\p_dcake.php')
 5 SYSTEMPATH\View\View.php(227): CodeIgniter\View\View->CodeIgniter\View\{closure}()
 6 SYSTEMPATH\Common.php(1173): CodeIgniter\View\View->render('partials/p_dcake', [], true)
 7 APPPATH\Controllers\Product.php(25): view('partials/p_dcake')
 8 SYSTEMPATH\CodeIgniter.php(933): App\Controllers\Product->dcake()
 9 SYSTEMPATH\CodeIgniter.php(507): CodeIgniter\CodeIgniter->runController(Object(App\Controllers\Product))
10 SYSTEMPATH\CodeIgniter.php(354): CodeIgniter\CodeIgniter->handleRequest(null, Object(Config\Cache), false)
11 SYSTEMPATH\Boot.php(334): CodeIgniter\CodeIgniter->run()
12 SYSTEMPATH\Boot.php(67): CodeIgniter\Boot::runCodeIgniter(Object(CodeIgniter\CodeIgniter))
13 FCPATH\index.php(56): CodeIgniter\Boot::bootWeb(Object(Config\Paths))
CRITICAL - 2025-05-29 23:55:27 --> CodeIgniter\View\Exceptions\ViewException: Invalid file: "partials/cp_toast.php"
[Method: GET, Route: p_toast]
in SYSTEMPATH\Exceptions\FrameworkException.php on line 39.
 1 SYSTEMPATH\View\View.php(212): CodeIgniter\Exceptions\FrameworkException::forInvalidFile('partials/cp_toast.php')
 2 SYSTEMPATH\Common.php(1173): CodeIgniter\View\View->render('partials/cp_toast', [], true)
 3 APPPATH\Views\partials\p_toast.php(13): view('partials/cp_toast')
 4 SYSTEMPATH\View\View.php(224): include('C:\\xampp\\htdocs\\rumah-roti\\app\\Views\\partials\\p_toast.php')
 5 SYSTEMPATH\View\View.php(227): CodeIgniter\View\View->CodeIgniter\View\{closure}()
 6 SYSTEMPATH\Common.php(1173): CodeIgniter\View\View->render('partials/p_toast', [], true)
 7 APPPATH\Controllers\Product.php(21): view('partials/p_toast')
 8 SYSTEMPATH\CodeIgniter.php(933): App\Controllers\Product->toast()
 9 SYSTEMPATH\CodeIgniter.php(507): CodeIgniter\CodeIgniter->runController(Object(App\Controllers\Product))
10 SYSTEMPATH\CodeIgniter.php(354): CodeIgniter\CodeIgniter->handleRequest(null, Object(Config\Cache), false)
11 SYSTEMPATH\Boot.php(334): CodeIgniter\CodeIgniter->run()
12 SYSTEMPATH\Boot.php(67): CodeIgniter\Boot::runCodeIgniter(Object(CodeIgniter\CodeIgniter))
13 FCPATH\index.php(56): CodeIgniter\Boot::bootWeb(Object(Config\Paths))
CRITICAL - 2025-05-29 23:55:28 --> CodeIgniter\View\Exceptions\ViewException: Invalid file: "partials/cp_dcake.php"
[Method: GET, Route: p_cake]
in SYSTEMPATH\Exceptions\FrameworkException.php on line 39.
 1 SYSTEMPATH\View\View.php(212): CodeIgniter\Exceptions\FrameworkException::forInvalidFile('partials/cp_dcake.php')
 2 SYSTEMPATH\Common.php(1173): CodeIgniter\View\View->render('partials/cp_dcake', [], true)
 3 APPPATH\Views\partials\p_dcake.php(13): view('partials/cp_dcake')
 4 SYSTEMPATH\View\View.php(224): include('C:\\xampp\\htdocs\\rumah-roti\\app\\Views\\partials\\p_dcake.php')
 5 SYSTEMPATH\View\View.php(227): CodeIgniter\View\View->CodeIgniter\View\{closure}()
 6 SYSTEMPATH\Common.php(1173): CodeIgniter\View\View->render('partials/p_dcake', [], true)
 7 APPPATH\Controllers\Product.php(17): view('partials/p_dcake')
 8 SYSTEMPATH\CodeIgniter.php(933): App\Controllers\Product->cake()
 9 SYSTEMPATH\CodeIgniter.php(507): CodeIgniter\CodeIgniter->runController(Object(App\Controllers\Product))
10 SYSTEMPATH\CodeIgniter.php(354): CodeIgniter\CodeIgniter->handleRequest(null, Object(Config\Cache), false)
11 SYSTEMPATH\Boot.php(334): CodeIgniter\CodeIgniter->run()
12 SYSTEMPATH\Boot.php(67): CodeIgniter\Boot::runCodeIgniter(Object(CodeIgniter\CodeIgniter))
13 FCPATH\index.php(56): CodeIgniter\Boot::bootWeb(Object(Config\Paths))
CRITICAL - 2025-05-29 23:55:32 --> CodeIgniter\View\Exceptions\ViewException: Invalid file: "partials/cp_dcake.php"
[Method: GET, Route: p_cake]
in SYSTEMPATH\Exceptions\FrameworkException.php on line 39.
 1 SYSTEMPATH\View\View.php(212): CodeIgniter\Exceptions\FrameworkException::forInvalidFile('partials/cp_dcake.php')
 2 SYSTEMPATH\Common.php(1173): CodeIgniter\View\View->render('partials/cp_dcake', [], true)
 3 APPPATH\Views\partials\p_dcake.php(13): view('partials/cp_dcake')
 4 SYSTEMPATH\View\View.php(224): include('C:\\xampp\\htdocs\\rumah-roti\\app\\Views\\partials\\p_dcake.php')
 5 SYSTEMPATH\View\View.php(227): CodeIgniter\View\View->CodeIgniter\View\{closure}()
 6 SYSTEMPATH\Common.php(1173): CodeIgniter\View\View->render('partials/p_dcake', [], true)
 7 APPPATH\Controllers\Product.php(17): view('partials/p_dcake')
 8 SYSTEMPATH\CodeIgniter.php(933): App\Controllers\Product->cake()
 9 SYSTEMPATH\CodeIgniter.php(507): CodeIgniter\CodeIgniter->runController(Object(App\Controllers\Product))
10 SYSTEMPATH\CodeIgniter.php(354): CodeIgniter\CodeIgniter->handleRequest(null, Object(Config\Cache), false)
11 SYSTEMPATH\Boot.php(334): CodeIgniter\CodeIgniter->run()
12 SYSTEMPATH\Boot.php(67): CodeIgniter\Boot::runCodeIgniter(Object(CodeIgniter\CodeIgniter))
13 FCPATH\index.php(56): CodeIgniter\Boot::bootWeb(Object(Config\Paths))
CRITICAL - 2025-05-29 23:55:33 --> CodeIgniter\View\Exceptions\ViewException: Invalid file: "partials/cp_toast.php"
[Method: GET, Route: p_toast]
in SYSTEMPATH\Exceptions\FrameworkException.php on line 39.
 1 SYSTEMPATH\View\View.php(212): CodeIgniter\Exceptions\FrameworkException::forInvalidFile('partials/cp_toast.php')
 2 SYSTEMPATH\Common.php(1173): CodeIgniter\View\View->render('partials/cp_toast', [], true)
 3 APPPATH\Views\partials\p_toast.php(13): view('partials/cp_toast')
 4 SYSTEMPATH\View\View.php(224): include('C:\\xampp\\htdocs\\rumah-roti\\app\\Views\\partials\\p_toast.php')
 5 SYSTEMPATH\View\View.php(227): CodeIgniter\View\View->CodeIgniter\View\{closure}()
 6 SYSTEMPATH\Common.php(1173): CodeIgniter\View\View->render('partials/p_toast', [], true)
 7 APPPATH\Controllers\Product.php(21): view('partials/p_toast')
 8 SYSTEMPATH\CodeIgniter.php(933): App\Controllers\Product->toast()
 9 SYSTEMPATH\CodeIgniter.php(507): CodeIgniter\CodeIgniter->runController(Object(App\Controllers\Product))
10 SYSTEMPATH\CodeIgniter.php(354): CodeIgniter\CodeIgniter->handleRequest(null, Object(Config\Cache), false)
11 SYSTEMPATH\Boot.php(334): CodeIgniter\CodeIgniter->run()
12 SYSTEMPATH\Boot.php(67): CodeIgniter\Boot::runCodeIgniter(Object(CodeIgniter\CodeIgniter))
13 FCPATH\index.php(56): CodeIgniter\Boot::bootWeb(Object(Config\Paths))
CRITICAL - 2025-05-29 23:55:35 --> CodeIgniter\View\Exceptions\ViewException: Invalid file: "partials/cp_dcake.php"
[Method: GET, Route: p_dcake]
in SYSTEMPATH\Exceptions\FrameworkException.php on line 39.
 1 SYSTEMPATH\View\View.php(212): CodeIgniter\Exceptions\FrameworkException::forInvalidFile('partials/cp_dcake.php')
 2 SYSTEMPATH\Common.php(1173): CodeIgniter\View\View->render('partials/cp_dcake', [], true)
 3 APPPATH\Views\partials\p_dcake.php(13): view('partials/cp_dcake')
 4 SYSTEMPATH\View\View.php(224): include('C:\\xampp\\htdocs\\rumah-roti\\app\\Views\\partials\\p_dcake.php')
 5 SYSTEMPATH\View\View.php(227): CodeIgniter\View\View->CodeIgniter\View\{closure}()
 6 SYSTEMPATH\Common.php(1173): CodeIgniter\View\View->render('partials/p_dcake', [], true)
 7 APPPATH\Controllers\Product.php(25): view('partials/p_dcake')
 8 SYSTEMPATH\CodeIgniter.php(933): App\Controllers\Product->dcake()
 9 SYSTEMPATH\CodeIgniter.php(507): CodeIgniter\CodeIgniter->runController(Object(App\Controllers\Product))
10 SYSTEMPATH\CodeIgniter.php(354): CodeIgniter\CodeIgniter->handleRequest(null, Object(Config\Cache), false)
11 SYSTEMPATH\Boot.php(334): CodeIgniter\CodeIgniter->run()
12 SYSTEMPATH\Boot.php(67): CodeIgniter\Boot::runCodeIgniter(Object(CodeIgniter\CodeIgniter))
13 FCPATH\index.php(56): CodeIgniter\Boot::bootWeb(Object(Config\Paths))
CRITICAL - 2025-05-29 23:56:13 --> CodeIgniter\View\Exceptions\ViewException: Invalid file: "partials/cp_dcake.php"
[Method: GET, Route: p_cake]
in SYSTEMPATH\Exceptions\FrameworkException.php on line 39.
 1 SYSTEMPATH\View\View.php(212): CodeIgniter\Exceptions\FrameworkException::forInvalidFile('partials/cp_dcake.php')
 2 SYSTEMPATH\Common.php(1173): CodeIgniter\View\View->render('partials/cp_dcake', [], true)
 3 APPPATH\Views\partials\p_dcake.php(13): view('partials/cp_dcake')
 4 SYSTEMPATH\View\View.php(224): include('C:\\xampp\\htdocs\\rumah-roti\\app\\Views\\partials\\p_dcake.php')
 5 SYSTEMPATH\View\View.php(227): CodeIgniter\View\View->CodeIgniter\View\{closure}()
 6 SYSTEMPATH\Common.php(1173): CodeIgniter\View\View->render('partials/p_dcake', [], true)
 7 APPPATH\Controllers\Product.php(17): view('partials/p_dcake')
 8 SYSTEMPATH\CodeIgniter.php(933): App\Controllers\Product->cake()
 9 SYSTEMPATH\CodeIgniter.php(507): CodeIgniter\CodeIgniter->runController(Object(App\Controllers\Product))
10 SYSTEMPATH\CodeIgniter.php(354): CodeIgniter\CodeIgniter->handleRequest(null, Object(Config\Cache), false)
11 SYSTEMPATH\Boot.php(334): CodeIgniter\CodeIgniter->run()
12 SYSTEMPATH\Boot.php(67): CodeIgniter\Boot::runCodeIgniter(Object(CodeIgniter\CodeIgniter))
13 FCPATH\index.php(56): CodeIgniter\Boot::bootWeb(Object(Config\Paths))
